<?xml version="1.0" encoding="UTF-8"?>
<testsuite xmlns:xsi="http://www.w3.org/2001/XMLSchema-instance" xsi:noNamespaceSchemaLocation="https://maven.apache.org/surefire/maven-surefire-plugin/xsd/surefire-test-report.xsd" version="3.0.2" name="com.emresahin.istikbal.IstikbalApplicationTests" time="2.97" tests="1" errors="0" skipped="0" failures="0" flakes="0">
  <properties>
[...]
</properties>
  <testcase name="contextLoads" classname="com.emresahin.istikbal.IstikbalApplicationTests" time="0.244">
    <system-out><![CDATA[06:48:30.420 [main] INFO org.springframework.test.context.support.AnnotationConfigContextLoaderUtils -- Could not detect default configuration classes for test class [com.emresahin.istikbal.IstikbalApplicationTests]: IstikbalApplicationTests does not declare any static, non-private, non-final, nested classes annotated with @Configuration.
06:48:30.469 [main] INFO org.springframework.boot.test.context.SpringBootTestContextBootstrapper -- Found @SpringBootConfiguration com.emresahin.IstikbalApplicationStarter for test class com.emresahin.istikbal.IstikbalApplicationTests
06:48:30.507 [main] INFO org.springframework.test.context.support.AnnotationConfigContextLoaderUtils -- Could not detect default configuration classes for test class [com.emresahin.istikbal.IstikbalApplicationTests]: IstikbalApplicationTests does not declare any static, non-private, non-final, nested classes annotated with @Configuration.
06:48:30.508 [main] INFO org.springframework.boot.test.context.SpringBootTestContextBootstrapper -- Found @SpringBootConfiguration com.emresahin.IstikbalApplicationStarter for test class com.emresahin.istikbal.IstikbalApplicationTests

  .   ____          _            __ _ _
 /\\ / ___'_ __ _ _(_)_ __  __ _ \ \ \ \
( ( )\___ | '_ | '_| | '_ \/ _` | \ \ \ \
 \\/  ___)| |_)| | | | | || (_| |  ) ) ) )
  '  |____| .__|_| |_|_| |_\__, | / / / /
 =========|_|==============|___/=/_/_/_/

 :: Spring Boot ::                (v4.1.1)

2026-09-08T06:48:30.652+03:00  INFO 15874 --- [istikbal] [           main] c.e.istikbal.IstikbalApplicationTests    : Starting IstikbalApplicationTests using Java 17.0.12 with PID 15874 (started by emresahin in /Users/emresahin/Desktop/proje/istikbal)
2026-09-08T06:48:30.653+03:00  INFO 15874 --- [istikbal] [           main] c.e.istikbal.IstikbalApplicationTests    : No active profile set, falling back to 1 default profile: "default"
2026-09-08T06:48:30.998+03:00  INFO 15874 --- [istikbal] [           main] .s.d.r.c.RepositoryConfigurationDelegate : Bootstrapping Spring Data JPA repositories in DEFAULT mode.
2026-09-08T06:48:31.025+03:00  INFO 15874 --- [istikbal] [           main] .s.d.r.c.RepositoryConfigurationDelegate : Finished Spring Data repository scanning in 22 ms. Found 5 JPA repository interfaces.
2026-09-08T06:48:31.254+03:00  INFO 15874 --- [istikbal] [           main] org.hibernate.orm.jpa                    : HHH008540: Processing PersistenceUnitInfo [name: default]
2026-09-08T06:48:31.290+03:00  INFO 15874 --- [istikbal] [           main] org.hibernate.orm.core                   : HHH000001: Hibernate ORM core version 7.4.5.Final
2026-09-08T06:48:31.474+03:00  INFO 15874 --- [istikbal] [           main] o.s.o.j.p.SpringPersistenceUnitInfo      : No LoadTimeWeaver setup: ignoring JPA class transformer
2026-09-08T06:48:31.495+03:00  INFO 15874 --- [istikbal] [           main] com.zaxxer.hikari.HikariDataSource       : HikariPool-1 - Starting...
2026-09-08T06:48:31.621+03:00  INFO 15874 --- [istikbal] [           main] com.zaxxer.hikari.pool.HikariPool        : HikariPool-1 - Added connection org.postgresql.jdbc.PgConnection@5614ae05
2026-09-08T06:48:31.621+03:00  INFO 15874 --- [istikbal] [           main] com.zaxxer.hikari.HikariDataSource       : HikariPool-1 - Start completed.
2026-09-08T06:48:31.660+03:00  WARN 15874 --- [istikbal] [           main] org.hibernate.orm.deprecation            : HHH90000025: PostgreSQLDialect does not need to be specified explicitly using 'hibernate.dialect' (remove the property setting and it will be selected by default)
2026-09-08T06:48:31.673+03:00  INFO 15874 --- [istikbal] [           main] org.hibernate.orm.connections.pooling    : HHH10001005: Database info:
	Database JDBC URL [jdbc:postgresql://localhost:5432/postgres?currentSchema=istikbal]
	Database driver: PostgreSQL JDBC Driver
	Database dialect: PostgreSQLDialect
	Database version: 14.18
	Default catalog/schema: postgres/istikbal
	Autocommit mode: undefined/unknown
	Isolation level: READ_COMMITTED [default READ_COMMITTED]
	JDBC fetch size: none
	Pool: DataSourceConnectionProvider
	Minimum pool size: undefined/unknown
	Maximum pool size: undefined/unknown
2026-09-08T06:48:32.102+03:00  INFO 15874 --- [istikbal] [           main] org.hibernate.orm.core                   : HHH000489: No JTA platform available (set 'hibernate.transaction.jta.platform' to enable JTA platform integration)
2026-09-08T06:48:32.157+03:00  INFO 15874 --- [istikbal] [           main] j.LocalContainerEntityManagerFactoryBean : Initialized JPA EntityManagerFactory for persistence unit 'default'
2026-09-08T06:48:32.195+03:00  INFO 15874 --- [istikbal] [           main] o.s.d.j.r.query.QueryEnhancerFactories   : Hibernate is in classpath; If applicable, HQL parser will be used.
2026-09-08T06:48:32.312+03:00  WARN 15874 --- [istikbal] [           main] o.s.aop.framework.CglibAopProxy          : Unable to proxy interface-implementing method [public final void org.springframework.web.filter.GenericFilterBean.init(jakarta.servlet.FilterConfig) throws jakarta.servlet.ServletException] because it is marked as final, consider using interface-based JDK proxies instead.
Hibernate: 
    select
        count(*) 
    from
        email_recipients er1_0
2026-09-08T06:48:32.749+03:00  WARN 15874 --- [istikbal] [           main] JpaBaseConfiguration$JpaWebConfiguration : spring.jpa.open-in-view is enabled by default. Therefore, database queries may be performed during view rendering. Explicitly configure spring.jpa.open-in-view to disable this warning
2026-09-08T06:48:32.805+03:00  INFO 15874 --- [istikbal] [           main] eAuthenticationProviderManagerConfigurer : Global AuthenticationManager configured with AuthenticationProvider bean with name authenticationProvider
2026-09-08T06:48:32.805+03:00  WARN 15874 --- [istikbal] [           main] r$InitializeUserDetailsManagerConfigurer : Global AuthenticationManager configured with an AuthenticationProvider bean. UserDetailsService beans will not be used by Spring Security for automatically configuring username/password login. Consider removing the AuthenticationProvider bean. Alternatively, consider using the UserDetailsService in a manually instantiated DaoAuthenticationProvider. If the current configuration is intentional, to turn off this warning, increase the logging level of 'org.springframework.security.config.annotation.authentication.configuration.InitializeUserDetailsBeanManagerConfigurer' to ERROR
2026-09-08T06:48:32.888+03:00  INFO 15874 --- [istikbal] [           main] o.s.b.w.a.WelcomePageHandlerMapping      : Adding welcome page: class path resource [static/index.html]
2026-09-08T06:48:32.902+03:00  INFO 15874 --- [istikbal] [           main] o.s.v.b.OptionalValidatorFactoryBean     : Failed to set up a Bean Validation provider: jakarta.validation.NoProviderFoundException: Unable to create a Configuration, because no Jakarta Validation provider could be found. Add a provider like Hibernate Validator (RI) to your classpath.
2026-09-08T06:48:33.054+03:00  INFO 15874 --- [istikbal] [           main] c.e.istikbal.IstikbalApplicationTests    : Started IstikbalApplicationTests in 2.519 seconds (process running for 3.008)
]]></system-out>
  </testcase>
</testsuite>